<?xml version="1.0" encoding="UTF-8"?>
<coverage generated="1735987786099" clover="3.2.0">
  <project timestamp="1735987786099" name="All files">
    <metrics statements="77" coveredstatements="71" conditionals="44" coveredconditionals="38" methods="19" coveredmethods="19" elements="140" coveredelements="128" complexity="0" loc="77" ncloc="77" packages="3" files="8" classes="8"/>
    <package name="frontend-project-46">
      <metrics statements="0" coveredstatements="0" conditionals="0" coveredconditionals="0" methods="0" coveredmethods="0"/>
      <file name="index.js" path="/home/elf/projects/project2/frontend-project-46/index.js">
        <metrics statements="0" coveredstatements="0" conditionals="0" coveredconditionals="0" methods="0" coveredmethods="0"/>
      </file>
    </package>
    <package name="frontend-project-46.src">
      <metrics statements="33" coveredstatements="30" conditionals="17" coveredconditionals="14" methods="7" coveredmethods="7"/>
      <file name="difftree.js" path="/home/elf/projects/project2/frontend-project-46/src/difftree.js">
        <metrics statements="15" coveredstatements="14" conditionals="12" coveredconditionals="11" methods="2" coveredmethods="2"/>
        <line num="3" count="1" type="stmt"/>
        <line num="5" count="20" type="stmt"/>
        <line num="6" count="20" type="stmt"/>
        <line num="8" count="20" type="stmt"/>
        <line num="10" count="72" type="cond" truecount="4" falsecount="0"/>
        <line num="11" count="16" type="stmt"/>
        <line num="18" count="56" type="cond" truecount="2" falsecount="0"/>
        <line num="19" count="20" type="stmt"/>
        <line num="22" count="36" type="cond" truecount="2" falsecount="0"/>
        <line num="23" count="8" type="stmt"/>
        <line num="26" count="28" type="cond" truecount="2" falsecount="0"/>
        <line num="27" count="16" type="stmt"/>
        <line num="32" count="12" type="cond" truecount="1" falsecount="1"/>
        <line num="33" count="12" type="stmt"/>
        <line num="36" count="0" type="stmt"/>
      </file>
      <file name="index.js" path="/home/elf/projects/project2/frontend-project-46/src/index.js">
        <metrics statements="5" coveredstatements="5" conditionals="1" coveredconditionals="1" methods="1" coveredmethods="1"/>
        <line num="5" count="1" type="cond" truecount="1" falsecount="0"/>
        <line num="6" count="4" type="stmt"/>
        <line num="7" count="4" type="stmt"/>
        <line num="9" count="4" type="stmt"/>
        <line num="11" count="4" type="stmt"/>
      </file>
      <file name="parsers.js" path="/home/elf/projects/project2/frontend-project-46/src/parsers.js">
        <metrics statements="13" coveredstatements="11" conditionals="4" coveredconditionals="2" methods="4" coveredmethods="4"/>
        <line num="5" count="8" type="stmt"/>
        <line num="6" count="8" type="stmt"/>
        <line num="7" count="8" type="stmt"/>
        <line num="9" count="1" type="stmt"/>
        <line num="15" count="1" type="stmt"/>
        <line num="16" count="8" type="stmt"/>
        <line num="17" count="8" type="cond" truecount="1" falsecount="1"/>
        <line num="18" count="0" type="stmt"/>
        <line num="20" count="8" type="stmt"/>
        <line num="21" count="8" type="stmt"/>
        <line num="23" count="8" type="cond" truecount="1" falsecount="1"/>
        <line num="24" count="0" type="stmt"/>
        <line num="27" count="8" type="stmt"/>
      </file>
    </package>
    <package name="frontend-project-46.src.formatters">
      <metrics statements="44" coveredstatements="41" conditionals="27" coveredconditionals="24" methods="12" coveredmethods="12"/>
      <file name="index.js" path="/home/elf/projects/project2/frontend-project-46/src/formatters/index.js">
        <metrics statements="4" coveredstatements="3" conditionals="2" coveredconditionals="1" methods="1" coveredmethods="1"/>
        <line num="5" count="1" type="stmt"/>
        <line num="12" count="4" type="cond" truecount="1" falsecount="1"/>
        <line num="13" count="0" type="stmt"/>
        <line num="15" count="4" type="stmt"/>
      </file>
      <file name="json.js" path="/home/elf/projects/project2/frontend-project-46/src/formatters/json.js">
        <metrics statements="1" coveredstatements="1" conditionals="0" coveredconditionals="0" methods="1" coveredmethods="1"/>
        <line num="1" count="1" type="stmt"/>
      </file>
      <file name="plain.js" path="/home/elf/projects/project2/frontend-project-46/src/formatters/plain.js">
        <metrics statements="19" coveredstatements="18" conditionals="15" coveredconditionals="14" methods="4" coveredmethods="4"/>
        <line num="1" count="1" type="stmt"/>
        <line num="2" count="13" type="cond" truecount="2" falsecount="0"/>
        <line num="3" count="7" type="stmt"/>
        <line num="5" count="6" type="cond" truecount="4" falsecount="0"/>
        <line num="6" count="3" type="stmt"/>
        <line num="8" count="3" type="stmt"/>
        <line num="11" count="1" type="cond" truecount="1" falsecount="0"/>
        <line num="12" count="5" type="stmt"/>
        <line num="13" count="18" type="cond" truecount="2" falsecount="0"/>
        <line num="14" count="18" type="cond" truecount="5" falsecount="1"/>
        <line num="16" count="5" type="stmt"/>
        <line num="18" count="2" type="stmt"/>
        <line num="20" count="3" type="stmt"/>
        <line num="22" count="4" type="stmt"/>
        <line num="24" count="4" type="stmt"/>
        <line num="26" count="0" type="stmt"/>
        <line num="28" count="3" type="stmt"/>
        <line num="31" count="5" type="stmt"/>
        <line num="32" count="18" type="stmt"/>
      </file>
      <file name="stylish.js" path="/home/elf/projects/project2/frontend-project-46/src/formatters/stylish.js">
        <metrics statements="20" coveredstatements="19" conditionals="10" coveredconditionals="9" methods="6" coveredmethods="6"/>
        <line num="3" count="1" type="stmt"/>
        <line num="4" count="1" type="stmt"/>
        <line num="6" count="84" type="cond" truecount="1" falsecount="0"/>
        <line num="8" count="1" type="stmt"/>
        <line num="9" count="54" type="cond" truecount="2" falsecount="0"/>
        <line num="10" count="40" type="stmt"/>
        <line num="13" count="18" type="stmt"/>
        <line num="14" count="14" type="stmt"/>
        <line num="17" count="1" type="stmt"/>
        <line num="18" count="2" type="cond" truecount="1" falsecount="0"/>
        <line num="19" count="10" type="stmt"/>
        <line num="20" count="36" type="cond" truecount="5" falsecount="1"/>
        <line num="22" count="10" type="stmt"/>
        <line num="24" count="4" type="stmt"/>
        <line num="26" count="6" type="stmt"/>
        <line num="28" count="8" type="stmt"/>
        <line num="33" count="8" type="stmt"/>
        <line num="35" count="0" type="stmt"/>
        <line num="39" count="10" type="stmt"/>
        <line num="42" count="2" type="stmt"/>
      </file>
    </package>
  </project>
</coverage>
