{"/home/elf/projects/project2/frontend-project-46/index.js": {"path":"/home/elf/projects/project2/frontend-project-46/index.js","statementMap":{},"fnMap":{},"branchMap":{},"s":{},"f":{},"b":{},"_coverageSchema":"1a1c01bbd47fc00a2c39e90264f33305004495a9","hash":"2e4230cf2c787aa3dfdc894538a8e6cf42980896"}
,"/home/elf/projects/project2/frontend-project-46/src/difftree.js": {"path":"/home/elf/projects/project2/frontend-project-46/src/difftree.js","statementMap":{"0":{"start":{"line":3,"column":20},"end":{"line":38,"column":1}},"1":{"start":{"line":5,"column":15},"end":{"line":5,"column":69}},"2":{"start":{"line":6,"column":21},"end":{"line":6,"column":35}},"3":{"start":{"line":8,"column":2},"end":{"line":37,"column":5}},"4":{"start":{"line":10,"column":4},"end":{"line":16,"column":5}},"5":{"start":{"line":11,"column":6},"end":{"line":15,"column":8}},"6":{"start":{"line":18,"column":4},"end":{"line":20,"column":5}},"7":{"start":{"line":19,"column":6},"end":{"line":19,"column":59}},"8":{"start":{"line":22,"column":4},"end":{"line":24,"column":5}},"9":{"start":{"line":23,"column":6},"end":{"line":23,"column":60}},"10":{"start":{"line":26,"column":4},"end":{"line":30,"column":5}},"11":{"start":{"line":27,"column":6},"end":{"line":29,"column":8}},"12":{"start":{"line":32,"column":4},"end":{"line":34,"column":5}},"13":{"start":{"line":33,"column":6},"end":{"line":33,"column":63}},"14":{"start":{"line":36,"column":4},"end":{"line":36,"column":17}}},"fnMap":{"0":{"name":"(anonymous_0)","decl":{"start":{"line":3,"column":20},"end":{"line":3,"column":21}},"loc":{"start":{"line":3,"column":45},"end":{"line":38,"column":1}},"line":3},"1":{"name":"(anonymous_1)","decl":{"start":{"line":8,"column":24},"end":{"line":8,"column":25}},"loc":{"start":{"line":8,"column":33},"end":{"line":37,"column":3}},"line":8}},"branchMap":{"0":{"loc":{"start":{"line":10,"column":4},"end":{"line":16,"column":5}},"type":"if","locations":[{"start":{"line":10,"column":4},"end":{"line":16,"column":5}},{"start":{},"end":{}}],"line":10},"1":{"loc":{"start":{"line":10,"column":8},"end":{"line":10,"column":63}},"type":"binary-expr","locations":[{"start":{"line":10,"column":8},"end":{"line":10,"column":33}},{"start":{"line":10,"column":37},"end":{"line":10,"column":63}}],"line":10},"2":{"loc":{"start":{"line":18,"column":4},"end":{"line":20,"column":5}},"type":"if","locations":[{"start":{"line":18,"column":4},"end":{"line":20,"column":5}},{"start":{},"end":{}}],"line":18},"3":{"loc":{"start":{"line":22,"column":4},"end":{"line":24,"column":5}},"type":"if","locations":[{"start":{"line":22,"column":4},"end":{"line":24,"column":5}},{"start":{},"end":{}}],"line":22},"4":{"loc":{"start":{"line":26,"column":4},"end":{"line":30,"column":5}},"type":"if","locations":[{"start":{"line":26,"column":4},"end":{"line":30,"column":5}},{"start":{},"end":{}}],"line":26},"5":{"loc":{"start":{"line":32,"column":4},"end":{"line":34,"column":5}},"type":"if","locations":[{"start":{"line":32,"column":4},"end":{"line":34,"column":5}},{"start":{},"end":{}}],"line":32}},"s":{"0":1,"1":20,"2":20,"3":20,"4":72,"5":16,"6":56,"7":20,"8":36,"9":8,"10":28,"11":16,"12":12,"13":12,"14":0},"f":{"0":20,"1":72},"b":{"0":[16,56],"1":[72,24],"2":[20,36],"3":[8,28],"4":[16,12],"5":[12,0]},"_coverageSchema":"1a1c01bbd47fc00a2c39e90264f33305004495a9","hash":"66a2e01f4b960f5b2168ec0bf6df1e7e834fa44d"}
,"/home/elf/projects/project2/frontend-project-46/src/index.js": {"path":"/home/elf/projects/project2/frontend-project-46/src/index.js","statementMap":{"0":{"start":{"line":5,"column":16},"end":{"line":12,"column":1}},"1":{"start":{"line":6,"column":19},"end":{"line":6,"column":39}},"2":{"start":{"line":7,"column":20},"end":{"line":7,"column":40}},"3":{"start":{"line":9,"column":19},"end":{"line":9,"column":51}},"4":{"start":{"line":11,"column":2},"end":{"line":11,"column":50}}},"fnMap":{"0":{"name":"(anonymous_0)","decl":{"start":{"line":5,"column":16},"end":{"line":5,"column":17}},"loc":{"start":{"line":5,"column":68},"end":{"line":12,"column":1}},"line":5}},"branchMap":{"0":{"loc":{"start":{"line":5,"column":39},"end":{"line":5,"column":63}},"type":"default-arg","locations":[{"start":{"line":5,"column":54},"end":{"line":5,"column":63}}],"line":5}},"s":{"0":1,"1":4,"2":4,"3":4,"4":4},"f":{"0":4},"b":{"0":[2]},"_coverageSchema":"1a1c01bbd47fc00a2c39e90264f33305004495a9","hash":"89a4dceeb8a2b96e5ed79bde50e0a8bbcf217bf8"}
,"/home/elf/projects/project2/frontend-project-46/src/parsers.js": {"path":"/home/elf/projects/project2/frontend-project-46/src/parsers.js","statementMap":{"0":{"start":{"line":5,"column":20},"end":{"line":5,"column":71}},"1":{"start":{"line":5,"column":34},"end":{"line":5,"column":71}},"2":{"start":{"line":6,"column":25},"end":{"line":6,"column":70}},"3":{"start":{"line":6,"column":39},"end":{"line":6,"column":70}},"4":{"start":{"line":7,"column":21},"end":{"line":7,"column":58}},"5":{"start":{"line":7,"column":35},"end":{"line":7,"column":58}},"6":{"start":{"line":9,"column":16},"end":{"line":13,"column":1}},"7":{"start":{"line":15,"column":18},"end":{"line":28,"column":1}},"8":{"start":{"line":16,"column":19},"end":{"line":16,"column":40}},"9":{"start":{"line":17,"column":2},"end":{"line":19,"column":3}},"10":{"start":{"line":18,"column":4},"end":{"line":18,"column":51}},"11":{"start":{"line":20,"column":15},"end":{"line":20,"column":48}},"12":{"start":{"line":21,"column":14},"end":{"line":21,"column":40}},"13":{"start":{"line":23,"column":2},"end":{"line":25,"column":3}},"14":{"start":{"line":24,"column":4},"end":{"line":24,"column":52}},"15":{"start":{"line":27,"column":2},"end":{"line":27,"column":28}}},"fnMap":{"0":{"name":"(anonymous_0)","decl":{"start":{"line":5,"column":20},"end":{"line":5,"column":21}},"loc":{"start":{"line":5,"column":34},"end":{"line":5,"column":71}},"line":5},"1":{"name":"(anonymous_1)","decl":{"start":{"line":6,"column":25},"end":{"line":6,"column":26}},"loc":{"start":{"line":6,"column":39},"end":{"line":6,"column":70}},"line":6},"2":{"name":"(anonymous_2)","decl":{"start":{"line":7,"column":21},"end":{"line":7,"column":22}},"loc":{"start":{"line":7,"column":35},"end":{"line":7,"column":58}},"line":7},"3":{"name":"(anonymous_3)","decl":{"start":{"line":15,"column":18},"end":{"line":15,"column":19}},"loc":{"start":{"line":15,"column":32},"end":{"line":28,"column":1}},"line":15}},"branchMap":{"0":{"loc":{"start":{"line":17,"column":2},"end":{"line":19,"column":3}},"type":"if","locations":[{"start":{"line":17,"column":2},"end":{"line":19,"column":3}},{"start":{},"end":{}}],"line":17},"1":{"loc":{"start":{"line":23,"column":2},"end":{"line":25,"column":3}},"type":"if","locations":[{"start":{"line":23,"column":2},"end":{"line":25,"column":3}},{"start":{},"end":{}}],"line":23}},"s":{"0":1,"1":8,"2":1,"3":8,"4":1,"5":8,"6":1,"7":1,"8":8,"9":8,"10":0,"11":8,"12":8,"13":8,"14":0,"15":8},"f":{"0":8,"1":8,"2":8,"3":8},"b":{"0":[0,8],"1":[0,8]},"_coverageSchema":"1a1c01bbd47fc00a2c39e90264f33305004495a9","hash":"19b88664651c62ef4303bd1641ae8b6dc5c28f4c"}
,"/home/elf/projects/project2/frontend-project-46/src/formatters/index.js": {"path":"/home/elf/projects/project2/frontend-project-46/src/formatters/index.js","statementMap":{"0":{"start":{"line":5,"column":19},"end":{"line":9,"column":1}},"1":{"start":{"line":12,"column":2},"end":{"line":14,"column":3}},"2":{"start":{"line":13,"column":4},"end":{"line":13,"column":52}},"3":{"start":{"line":15,"column":2},"end":{"line":15,"column":38}}},"fnMap":{"0":{"name":"(anonymous_0)","decl":{"start":{"line":11,"column":15},"end":{"line":11,"column":16}},"loc":{"start":{"line":11,"column":37},"end":{"line":16,"column":1}},"line":11}},"branchMap":{"0":{"loc":{"start":{"line":12,"column":2},"end":{"line":14,"column":3}},"type":"if","locations":[{"start":{"line":12,"column":2},"end":{"line":14,"column":3}},{"start":{},"end":{}}],"line":12}},"s":{"0":1,"1":4,"2":0,"3":4},"f":{"0":4},"b":{"0":[0,4]},"_coverageSchema":"1a1c01bbd47fc00a2c39e90264f33305004495a9","hash":"6d71077a6fcf24a89004bfde96ad2a5d1932e439"}
,"/home/elf/projects/project2/frontend-project-46/src/formatters/json.js": {"path":"/home/elf/projects/project2/frontend-project-46/src/formatters/json.js","statementMap":{"0":{"start":{"line":1,"column":25},"end":{"line":1,"column":54}}},"fnMap":{"0":{"name":"(anonymous_0)","decl":{"start":{"line":1,"column":15},"end":{"line":1,"column":16}},"loc":{"start":{"line":1,"column":25},"end":{"line":1,"column":54}},"line":1}},"branchMap":{},"s":{"0":1},"f":{"0":1},"b":{},"_coverageSchema":"1a1c01bbd47fc00a2c39e90264f33305004495a9","hash":"de99c1083744b606f5da788d7f6e826ab9623622"}
,"/home/elf/projects/project2/frontend-project-46/src/formatters/plain.js": {"path":"/home/elf/projects/project2/frontend-project-46/src/formatters/plain.js","statementMap":{"0":{"start":{"line":1,"column":18},"end":{"line":9,"column":1}},"1":{"start":{"line":2,"column":2},"end":{"line":4,"column":3}},"2":{"start":{"line":3,"column":4},"end":{"line":3,"column":24}},"3":{"start":{"line":5,"column":2},"end":{"line":7,"column":3}},"4":{"start":{"line":6,"column":4},"end":{"line":6,"column":29}},"5":{"start":{"line":8,"column":2},"end":{"line":8,"column":15}},"6":{"start":{"line":11,"column":25},"end":{"line":34,"column":1}},"7":{"start":{"line":12,"column":16},"end":{"line":29,"column":4}},"8":{"start":{"line":13,"column":21},"end":{"line":13,"column":89}},"9":{"start":{"line":14,"column":4},"end":{"line":27,"column":5}},"10":{"start":{"line":16,"column":8},"end":{"line":16,"column":87}},"11":{"start":{"line":18,"column":8},"end":{"line":18,"column":52}},"12":{"start":{"line":20,"column":8},"end":{"line":20,"column":14}},"13":{"start":{"line":22,"column":8},"end":{"line":22,"column":113}},"14":{"start":{"line":24,"column":8},"end":{"line":24,"column":57}},"15":{"start":{"line":26,"column":8},"end":{"line":26,"column":54}},"16":{"start":{"line":28,"column":4},"end":{"line":28,"column":21}},"17":{"start":{"line":31,"column":2},"end":{"line":33,"column":16}},"18":{"start":{"line":32,"column":22},"end":{"line":32,"column":40}}},"fnMap":{"0":{"name":"(anonymous_0)","decl":{"start":{"line":1,"column":18},"end":{"line":1,"column":19}},"loc":{"start":{"line":1,"column":29},"end":{"line":9,"column":1}},"line":1},"1":{"name":"(anonymous_1)","decl":{"start":{"line":11,"column":25},"end":{"line":11,"column":26}},"loc":{"start":{"line":11,"column":56},"end":{"line":34,"column":1}},"line":11},"2":{"name":"(anonymous_2)","decl":{"start":{"line":12,"column":25},"end":{"line":12,"column":26}},"loc":{"start":{"line":12,"column":35},"end":{"line":29,"column":3}},"line":12},"3":{"name":"(anonymous_3)","decl":{"start":{"line":32,"column":12},"end":{"line":32,"column":13}},"loc":{"start":{"line":32,"column":22},"end":{"line":32,"column":40}},"line":32}},"branchMap":{"0":{"loc":{"start":{"line":2,"column":2},"end":{"line":4,"column":3}},"type":"if","locations":[{"start":{"line":2,"column":2},"end":{"line":4,"column":3}},{"start":{},"end":{}}],"line":2},"1":{"loc":{"start":{"line":5,"column":2},"end":{"line":7,"column":3}},"type":"if","locations":[{"start":{"line":5,"column":2},"end":{"line":7,"column":3}},{"start":{},"end":{}}],"line":5},"2":{"loc":{"start":{"line":5,"column":6},"end":{"line":5,"column":53}},"type":"binary-expr","locations":[{"start":{"line":5,"column":6},"end":{"line":5,"column":29}},{"start":{"line":5,"column":33},"end":{"line":5,"column":53}}],"line":5},"3":{"loc":{"start":{"line":11,"column":32},"end":{"line":11,"column":51}},"type":"default-arg","locations":[{"start":{"line":11,"column":49},"end":{"line":11,"column":51}}],"line":11},"4":{"loc":{"start":{"line":13,"column":21},"end":{"line":13,"column":89}},"type":"cond-expr","locations":[{"start":{"line":13,"column":47},"end":{"line":13,"column":55}},{"start":{"line":13,"column":58},"end":{"line":13,"column":89}}],"line":13},"5":{"loc":{"start":{"line":14,"column":4},"end":{"line":27,"column":5}},"type":"switch","locations":[{"start":{"line":15,"column":6},"end":{"line":16,"column":87}},{"start":{"line":17,"column":6},"end":{"line":18,"column":52}},{"start":{"line":19,"column":6},"end":{"line":20,"column":14}},{"start":{"line":21,"column":6},"end":{"line":22,"column":113}},{"start":{"line":23,"column":6},"end":{"line":24,"column":57}},{"start":{"line":25,"column":6},"end":{"line":26,"column":54}}],"line":14}},"s":{"0":1,"1":13,"2":7,"3":6,"4":3,"5":3,"6":1,"7":5,"8":18,"9":18,"10":5,"11":2,"12":3,"13":4,"14":4,"15":0,"16":3,"17":5,"18":18},"f":{"0":13,"1":5,"2":18,"3":18},"b":{"0":[7,6],"1":[3,3],"2":[6,3],"3":[1],"4":[4,14],"5":[5,2,3,4,4,0]},"_coverageSchema":"1a1c01bbd47fc00a2c39e90264f33305004495a9","hash":"dae31aa12403acd9e73284dfe281c84ad555b18b"}
,"/home/elf/projects/project2/frontend-project-46/src/formatters/stylish.js": {"path":"/home/elf/projects/project2/frontend-project-46/src/formatters/stylish.js","statementMap":{"0":{"start":{"line":3,"column":15},"end":{"line":3,"column":18}},"1":{"start":{"line":4,"column":28},"end":{"line":4,"column":29}},"2":{"start":{"line":6,"column":23},"end":{"line":6,"column":97}},"3":{"start":{"line":6,"column":64},"end":{"line":6,"column":97}},"4":{"start":{"line":8,"column":18},"end":{"line":15,"column":1}},"5":{"start":{"line":9,"column":2},"end":{"line":11,"column":3}},"6":{"start":{"line":10,"column":4},"end":{"line":10,"column":25}},"7":{"start":{"line":13,"column":16},"end":{"line":13,"column":127}},"8":{"start":{"line":13,"column":58},"end":{"line":13,"column":126}},"9":{"start":{"line":14,"column":2},"end":{"line":14,"column":63}},"10":{"start":{"line":17,"column":25},"end":{"line":43,"column":1}},"11":{"start":{"line":18,"column":25},"end":{"line":40,"column":3}},"12":{"start":{"line":19,"column":18},"end":{"line":37,"column":6}},"13":{"start":{"line":20,"column":6},"end":{"line":36,"column":7}},"14":{"start":{"line":22,"column":10},"end":{"line":22,"column":90}},"15":{"start":{"line":24,"column":10},"end":{"line":24,"column":90}},"16":{"start":{"line":26,"column":10},"end":{"line":26,"column":90}},"17":{"start":{"line":28,"column":10},"end":{"line":31,"column":23}},"18":{"start":{"line":33,"column":10},"end":{"line":33,"column":134}},"19":{"start":{"line":35,"column":10},"end":{"line":35,"column":56}},"20":{"start":{"line":39,"column":4},"end":{"line":39,"column":28}},"21":{"start":{"line":42,"column":2},"end":{"line":42,"column":45}}},"fnMap":{"0":{"name":"(anonymous_0)","decl":{"start":{"line":6,"column":23},"end":{"line":6,"column":24}},"loc":{"start":{"line":6,"column":64},"end":{"line":6,"column":97}},"line":6},"1":{"name":"(anonymous_1)","decl":{"start":{"line":8,"column":18},"end":{"line":8,"column":19}},"loc":{"start":{"line":8,"column":36},"end":{"line":15,"column":1}},"line":8},"2":{"name":"(anonymous_2)","decl":{"start":{"line":13,"column":42},"end":{"line":13,"column":43}},"loc":{"start":{"line":13,"column":58},"end":{"line":13,"column":126}},"line":13},"3":{"name":"(anonymous_3)","decl":{"start":{"line":17,"column":25},"end":{"line":17,"column":26}},"loc":{"start":{"line":17,"column":39},"end":{"line":43,"column":1}},"line":17},"4":{"name":"(anonymous_4)","decl":{"start":{"line":18,"column":25},"end":{"line":18,"column":26}},"loc":{"start":{"line":18,"column":46},"end":{"line":40,"column":3}},"line":18},"5":{"name":"(anonymous_5)","decl":{"start":{"line":19,"column":27},"end":{"line":19,"column":28}},"loc":{"start":{"line":19,"column":37},"end":{"line":37,"column":5}},"line":19}},"branchMap":{"0":{"loc":{"start":{"line":6,"column":31},"end":{"line":6,"column":59}},"type":"default-arg","locations":[{"start":{"line":6,"column":40},"end":{"line":6,"column":59}}],"line":6},"1":{"loc":{"start":{"line":9,"column":2},"end":{"line":11,"column":3}},"type":"if","locations":[{"start":{"line":9,"column":2},"end":{"line":11,"column":3}},{"start":{},"end":{}}],"line":9},"2":{"loc":{"start":{"line":18,"column":32},"end":{"line":18,"column":41}},"type":"default-arg","locations":[{"start":{"line":18,"column":40},"end":{"line":18,"column":41}}],"line":18},"3":{"loc":{"start":{"line":20,"column":6},"end":{"line":36,"column":7}},"type":"switch","locations":[{"start":{"line":21,"column":8},"end":{"line":22,"column":90}},{"start":{"line":23,"column":8},"end":{"line":24,"column":90}},{"start":{"line":25,"column":8},"end":{"line":26,"column":90}},{"start":{"line":27,"column":8},"end":{"line":31,"column":23}},{"start":{"line":32,"column":8},"end":{"line":33,"column":134}},{"start":{"line":34,"column":8},"end":{"line":35,"column":56}}],"line":20}},"s":{"0":1,"1":1,"2":1,"3":84,"4":1,"5":54,"6":40,"7":14,"8":18,"9":14,"10":1,"11":2,"12":10,"13":36,"14":10,"15":4,"16":6,"17":8,"18":8,"19":0,"20":10,"21":2},"f":{"0":84,"1":54,"2":18,"3":2,"4":10,"5":36},"b":{"0":[84],"1":[40,14],"2":[2],"3":[10,4,6,8,8,0]},"_coverageSchema":"1a1c01bbd47fc00a2c39e90264f33305004495a9","hash":"78e6831ba956fbe06cee19ecf5d7fe4b1a3fa396"}
}
