TN:
SF:index.js
FNF:0
FNH:0
LF:0
LH:0
BRF:0
BRH:0
end_of_record
TN:
SF:src/difftree.js
FN:3,(anonymous_0)
FN:8,(anonymous_1)
FNF:2
FNH:2
FNDA:20,(anonymous_0)
FNDA:72,(anonymous_1)
DA:3,1
DA:5,20
DA:6,20
DA:8,20
DA:10,72
DA:11,16
DA:18,56
DA:19,20
DA:22,36
DA:23,8
DA:26,28
DA:27,16
DA:32,12
DA:33,12
DA:36,0
LF:15
LH:14
BRDA:10,0,0,16
BRDA:10,0,1,56
BRDA:10,1,0,72
BRDA:10,1,1,24
BRDA:18,2,0,20
BRDA:18,2,1,36
BRDA:22,3,0,8
BRDA:22,3,1,28
BRDA:26,4,0,16
BRDA:26,4,1,12
BRDA:32,5,0,12
BRDA:32,5,1,0
BRF:12
BRH:11
end_of_record
TN:
SF:src/index.js
FN:5,(anonymous_0)
FNF:1
FNH:1
FNDA:4,(anonymous_0)
DA:5,1
DA:6,4
DA:7,4
DA:9,4
DA:11,4
LF:5
LH:5
BRDA:5,0,0,2
BRF:1
BRH:1
end_of_record
TN:
SF:src/parsers.js
FN:5,(anonymous_0)
FN:6,(anonymous_1)
FN:7,(anonymous_2)
FN:15,(anonymous_3)
FNF:4
FNH:4
FNDA:8,(anonymous_0)
FNDA:8,(anonymous_1)
FNDA:8,(anonymous_2)
FNDA:8,(anonymous_3)
DA:5,8
DA:6,8
DA:7,8
DA:9,1
DA:15,1
DA:16,8
DA:17,8
DA:18,0
DA:20,8
DA:21,8
DA:23,8
DA:24,0
DA:27,8
LF:13
LH:11
BRDA:17,0,0,0
BRDA:17,0,1,8
BRDA:23,1,0,0
BRDA:23,1,1,8
BRF:4
BRH:2
end_of_record
TN:
SF:src/formatters/index.js
FN:11,(anonymous_0)
FNF:1
FNH:1
FNDA:4,(anonymous_0)
DA:5,1
DA:12,4
DA:13,0
DA:15,4
LF:4
LH:3
BRDA:12,0,0,0
BRDA:12,0,1,4
BRF:2
BRH:1
end_of_record
TN:
SF:src/formatters/json.js
FN:1,(anonymous_0)
FNF:1
FNH:1
FNDA:1,(anonymous_0)
DA:1,1
LF:1
LH:1
BRF:0
BRH:0
end_of_record
TN:
SF:src/formatters/plain.js
FN:1,(anonymous_0)
FN:11,(anonymous_1)
FN:12,(anonymous_2)
FN:32,(anonymous_3)
FNF:4
FNH:4
FNDA:13,(anonymous_0)
FNDA:5,(anonymous_1)
FNDA:18,(anonymous_2)
FNDA:18,(anonymous_3)
DA:1,1
DA:2,13
DA:3,7
DA:5,6
DA:6,3
DA:8,3
DA:11,1
DA:12,5
DA:13,18
DA:14,18
DA:16,5
DA:18,2
DA:20,3
DA:22,4
DA:24,4
DA:26,0
DA:28,3
DA:31,5
DA:32,18
LF:19
LH:18
BRDA:2,0,0,7
BRDA:2,0,1,6
BRDA:5,1,0,3
BRDA:5,1,1,3
BRDA:5,2,0,6
BRDA:5,2,1,3
BRDA:11,3,0,1
BRDA:13,4,0,4
BRDA:13,4,1,14
BRDA:14,5,0,5
BRDA:14,5,1,2
BRDA:14,5,2,3
BRDA:14,5,3,4
BRDA:14,5,4,4
BRDA:14,5,5,0
BRF:15
BRH:14
end_of_record
TN:
SF:src/formatters/stylish.js
FN:6,(anonymous_0)
FN:8,(anonymous_1)
FN:13,(anonymous_2)
FN:17,(anonymous_3)
FN:18,(anonymous_4)
FN:19,(anonymous_5)
FNF:6
FNH:6
FNDA:84,(anonymous_0)
FNDA:54,(anonymous_1)
FNDA:18,(anonymous_2)
FNDA:2,(anonymous_3)
FNDA:10,(anonymous_4)
FNDA:36,(anonymous_5)
DA:3,1
DA:4,1
DA:6,84
DA:8,1
DA:9,54
DA:10,40
DA:13,18
DA:14,14
DA:17,1
DA:18,2
DA:19,10
DA:20,36
DA:22,10
DA:24,4
DA:26,6
DA:28,8
DA:33,8
DA:35,0
DA:39,10
DA:42,2
LF:20
LH:19
BRDA:6,0,0,84
BRDA:9,1,0,40
BRDA:9,1,1,14
BRDA:18,2,0,2
BRDA:20,3,0,10
BRDA:20,3,1,4
BRDA:20,3,2,6
BRDA:20,3,3,8
BRDA:20,3,4,8
BRDA:20,3,5,0
BRF:10
BRH:9
end_of_record
