TN:
SF:index.js
FNF:0
FNH:0
DA:1,1
DA:2,1
DA:3,1
LF:3
LH:3
BRF:0
BRH:0
end_of_record
TN:
SF:src/difftree.js
FN:3,getDiffTree
FNF:1
FNH:1
FNDA:1,getDiffTree
DA:1,1
DA:2,1
DA:3,1
DA:4,1
DA:5,1
DA:6,1
DA:7,1
DA:8,1
DA:9,5
DA:10,5
DA:11,1
DA:12,1
DA:13,4
DA:14,5
DA:15,2
DA:16,2
DA:17,2
DA:18,5
DA:19,1
DA:20,1
DA:21,1
DA:22,1
DA:23,1
DA:24,1
DA:25,1
DA:26,1
DA:27,0
DA:28,0
DA:29,1
DA:30,1
DA:31,1
DA:32,1
LF:32
LH:30
BRDA:3,0,0,1
BRDA:8,1,0,5
BRDA:10,2,0,1
BRDA:12,3,0,4
BRDA:14,4,0,2
BRDA:18,5,0,1
BRDA:26,6,0,0
BRF:7
BRH:6
end_of_record
TN:
SF:src/formatter.js
FN:2,formatDiffResult
FNF:1
FNH:1
FNDA:1,formatDiffResult
DA:1,1
DA:2,1
DA:3,1
DA:4,1
DA:5,5
DA:6,5
DA:7,5
DA:8,1
DA:9,5
DA:10,2
DA:11,5
DA:12,1
DA:13,5
DA:14,1
DA:15,5
DA:16,0
DA:17,5
DA:18,1
DA:19,1
DA:20,1
DA:21,1
DA:22,1
LF:22
LH:21
BRDA:2,0,0,1
BRDA:4,1,0,5
BRDA:7,2,0,1
BRDA:9,3,0,2
BRDA:11,4,0,1
BRDA:13,5,0,1
BRDA:15,6,0,0
BRF:7
BRH:6
end_of_record
TN:
SF:src/index.js
FN:5,gendiff
FNF:1
FNH:1
FNDA:1,gendiff
DA:1,1
DA:2,1
DA:3,1
DA:4,1
DA:5,1
DA:6,1
DA:7,1
DA:8,1
DA:9,1
DA:10,1
DA:11,1
DA:12,1
DA:13,1
DA:14,1
DA:15,1
DA:16,1
LF:16
LH:16
BRDA:5,0,0,1
BRF:1
BRH:1
end_of_record
TN:
SF:src/parser.js
FN:4,getFullpath
FN:5,getFileExtension
FN:6,isFileExists
FN:8,parseJson
FN:10,parseFile
FNF:5
FNH:5
FNDA:2,getFullpath
FNDA:2,getFileExtension
FNDA:2,isFileExists
FNDA:2,parseJson
FNDA:2,parseFile
DA:1,1
DA:2,1
DA:3,1
DA:4,1
DA:5,1
DA:6,1
DA:7,1
DA:8,1
DA:9,1
DA:10,1
DA:11,2
DA:12,2
DA:13,2
DA:14,2
DA:15,2
DA:16,2
DA:17,2
DA:18,2
DA:19,0
DA:20,2
DA:21,2
DA:22,0
DA:23,0
DA:24,1
DA:25,1
LF:25
LH:22
BRDA:4,0,0,2
BRDA:5,1,0,2
BRDA:6,2,0,2
BRDA:8,3,0,2
BRDA:10,4,0,2
BRDA:18,5,0,0
BRDA:21,6,0,0
BRF:7
BRH:5
end_of_record
